<?xml version="1.0" encoding="UTF-8"?>
<testng-results ignored="0" total="2" passed="2" failed="0" skipped="0">
  <reporter-output>
  </reporter-output>
  <suite started-at="2022-05-18T20:32:12 IST" name="Default suite" finished-at="2022-05-18T20:33:10 IST" duration-ms="58217">
    <groups>
    </groups>
    <test started-at="2022-05-18T20:32:12 IST" name="Default test" finished-at="2022-05-18T20:33:10 IST" duration-ms="58217">
      <class name="TestCases.Testvagrant.WikiPageTest">
        <test-method is-config="true" signature="setUp()[pri:0, instance:TestCases.Testvagrant.WikiPageTest@7c729a55]" started-at="2022-05-18T20:32:12 IST" name="setUp" finished-at="2022-05-18T20:32:17 IST" duration-ms="5032" status="PASS">
          <reporter-output>
          </reporter-output>
        </test-method> <!-- setUp -->
        <test-method signature="compareCountry()[pri:0, instance:TestCases.Testvagrant.WikiPageTest@7c729a55]" started-at="2022-05-18T20:32:17 IST" name="compareCountry" finished-at="2022-05-18T20:32:44 IST" duration-ms="26340" status="PASS">
          <reporter-output>
          </reporter-output>
        </test-method> <!-- compareCountry -->
        <test-method is-config="true" signature="tearDown()[pri:0, instance:TestCases.Testvagrant.WikiPageTest@7c729a55]" started-at="2022-05-18T20:32:44 IST" name="tearDown" finished-at="2022-05-18T20:32:44 IST" duration-ms="321" status="PASS">
          <reporter-output>
          </reporter-output>
        </test-method> <!-- tearDown -->
        <test-method is-config="true" signature="setUp()[pri:0, instance:TestCases.Testvagrant.WikiPageTest@7c729a55]" started-at="2022-05-18T20:32:44 IST" name="setUp" finished-at="2022-05-18T20:32:48 IST" duration-ms="3760" status="PASS">
          <reporter-output>
          </reporter-output>
        </test-method> <!-- setUp -->
        <test-method signature="compareReleaseDate()[pri:0, instance:TestCases.Testvagrant.WikiPageTest@7c729a55]" started-at="2022-05-18T20:32:48 IST" name="compareReleaseDate" finished-at="2022-05-18T20:33:09 IST" duration-ms="21455" status="PASS">
          <reporter-output>
          </reporter-output>
        </test-method> <!-- compareReleaseDate -->
        <test-method is-config="true" signature="tearDown()[pri:0, instance:TestCases.Testvagrant.WikiPageTest@7c729a55]" started-at="2022-05-18T20:33:09 IST" name="tearDown" finished-at="2022-05-18T20:33:10 IST" duration-ms="1275" status="PASS">
          <reporter-output>
          </reporter-output>
        </test-method> <!-- tearDown -->
      </class> <!-- TestCases.Testvagrant.WikiPageTest -->
    </test> <!-- Default test -->
  </suite> <!-- Default suite -->
</testng-results>
